<?xml version="1.0" encoding="UTF-8"?>
<testsuite xmlns:xsi="http://www.w3.org/2001/XMLSchema-instance" xsi:noNamespaceSchemaLocation="https://maven.apache.org/surefire/maven-surefire-plugin/xsd/surefire-test-report.xsd" name="TestSuite" time="211.313" tests="9" errors="0" skipped="1" failures="1">
  <properties>
[...]
</properties>
  <testcase name="getStartedForm" classname="com.nationalguard.ddf.testcases.NationalGuardGetStarted" time="27.066"/>
  <testcase name="getStartedForm" classname="com.nationalguard.ddf.testcases.NationalGuardGetStarted" time="31.785"/>
  <testcase name="getStartedForm" classname="com.nationalguard.ddf.testcases.NationalGuardGetStarted" time="0">
    <skipped message="Test skipped since rumode is N"/>
  </testcase>
  <testcase name="fitnessCalculator" classname="com.nationalguard.ddf.testcases.FitnessCal" time="17.491"/>
  <testcase name="fitnessCalculator" classname="com.nationalguard.ddf.testcases.FitnessCal" time="24.521"/>
  <testcase name="weightCalculatorMale" classname="com.nationalguard.ddf.testcases.WeightCalculatorTest" time="17.901"/>
  <testcase name="weightCalculatorMale" classname="com.nationalguard.ddf.testcases.WeightCalculatorTest" time="35.714"/>
  <testcase name="guardpayEnlisted" classname="com.nationalguard.ddf.testcases.GuardPayTest" time="15.157">
    <failure message="element click intercepted: Element &lt;label for=&quot;current_status_1&quot; class=&quot;btn-outline&quot;&gt;...&lt;/label&gt; is not clickable at point (646, 471). Other element would receive the click: &lt;div id=&quot;loader&quot; class=&quot;align-self-middle text-center&quot;&gt;...&lt;/div&gt;&#10;  (Session info: chrome=79.0.3945.88)&#10;Build info: version: &apos;3.141.59&apos;, revision: &apos;e82be7d358&apos;, time: &apos;2018-11-14T08:17:03&apos;&#10;System info: host: &apos;AJAY-PC&apos;, ip: &apos;192.168.0.131&apos;, os.name: &apos;Windows 8.1&apos;, os.arch: &apos;amd64&apos;, os.version: &apos;6.3&apos;, java.version: &apos;1.8.0_05&apos;&#10;Driver info: org.openqa.selenium.chrome.ChromeDriver&#10;Capabilities {acceptInsecureCerts: false, browserName: chrome, browserVersion: 79.0.3945.88, chrome: {chromedriverVersion: 79.0.3945.36 (3582db32b3389..., userDataDir: C:\Users\ajay\AppData\Local...}, goog:chromeOptions: {debuggerAddress: localhost:57612}, javascriptEnabled: true, networkConnectionEnabled: false, pageLoadStrategy: normal, platform: WINDOWS, platformName: WINDOWS, proxy: Proxy(), setWindowRect: true, strictFileInteractability: false, timeouts: {implicit: 0, pageLoad: 300000, script: 30000}, unhandledPromptBehavior: dismiss and notify}&#10;Session ID: 8304c2d2b1eb9ce4ea70fffb52e7ce20" type="org.openqa.selenium.ElementClickInterceptedException"><![CDATA[org.openqa.selenium.ElementClickInterceptedException: 
element click intercepted: Element <label for="current_status_1" class="btn-outline">...</label> is not clickable at point (646, 471). Other element would receive the click: <div id="loader" class="align-self-middle text-center">...</div>
  (Session info: chrome=79.0.3945.88)
Build info: version: '3.141.59', revision: 'e82be7d358', time: '2018-11-14T08:17:03'
System info: host: 'AJAY-PC', ip: '192.168.0.131', os.name: 'Windows 8.1', os.arch: 'amd64', os.version: '6.3', java.version: '1.8.0_05'
Driver info: org.openqa.selenium.chrome.ChromeDriver
Capabilities {acceptInsecureCerts: false, browserName: chrome, browserVersion: 79.0.3945.88, chrome: {chromedriverVersion: 79.0.3945.36 (3582db32b3389..., userDataDir: C:\Users\ajay\AppData\Local...}, goog:chromeOptions: {debuggerAddress: localhost:57612}, javascriptEnabled: true, networkConnectionEnabled: false, pageLoadStrategy: normal, platform: WINDOWS, platformName: WINDOWS, proxy: Proxy(), setWindowRect: true, strictFileInteractability: false, timeouts: {implicit: 0, pageLoad: 300000, script: 30000}, unhandledPromptBehavior: dismiss and notify}
Session ID: 8304c2d2b1eb9ce4ea70fffb52e7ce20
	at com.nationalguard.ddf.testcases.GuardPayTest.guardpayEnlisted(GuardPayTest.java:42)
]]></failure>
    <system-out><![CDATA[Test starts from row - 17
Total rows are  - 2
Total cols are  - 5
]]></system-out>
    <system-err><![CDATA[Starting ChromeDriver 79.0.3945.36 (3582db32b33893869b8c1339e8f4d9ed1816f143-refs/branch-heads/3945@{#614}) on port 3325
Only local connections are allowed.
Please protect ports used by ChromeDriver and related test frameworks to prevent access by malicious code.
Dec 22, 2019 12:15:26 PM org.openqa.selenium.remote.ProtocolHandshake createSession
INFO: Detected dialect: W3C
]]></system-err>
  </testcase>
  <testcase name="guardpayEnlisted" classname="com.nationalguard.ddf.testcases.GuardPayTest" time="27.451"/>
</testsuite>