<?xml version="1.0" encoding="UTF-8"?>
<!-- Generated by org.testng.reporters.JUnitXMLReporter -->
<testsuite hostname="ajay-PC" ignored="0" name="FitnessCalculatorTest" tests="2" failures="0" timestamp="22 Dec 2019 01:14:27 GMT" time="44.597" errors="0">
  <testcase name="fitnessCalculator" time="17.499" classname="com.nationalguard.ddf.testcases.FitnessCal"/>
  <testcase name="fitnessCalculator" time="24.526" classname="com.nationalguard.ddf.testcases.FitnessCal"/>
</testsuite> <!-- FitnessCalculatorTest -->
