<?xml version="1.0" encoding="UTF-8"?>
<!-- Generated by org.testng.reporters.JUnitXMLReporter -->
<testsuite hostname="ajay-PC" ignored="0" name="GetStartedTest" tests="3" failures="0" timestamp="22 Dec 2019 01:13:43 GMT" time="63.627" errors="0">
  <testcase name="getStartedForm" time="27.068" classname="com.nationalguard.ddf.testcases.NationalGuardGetStarted"/>
  <testcase name="getStartedForm" time="31.795" classname="com.nationalguard.ddf.testcases.NationalGuardGetStarted"/>
  <testcase name="getStartedForm" time="0.005" classname="com.nationalguard.ddf.testcases.NationalGuardGetStarted">
    <skipped/>
  </testcase> <!-- getStartedForm -->
</testsuite> <!-- GetStartedTest -->
