<?xml version="1.0" encoding="UTF-8"?>
<!-- Generated by org.testng.reporters.JUnitXMLReporter -->
<testsuite hostname="ajay-PC" ignored="0" name="WeightCalculatorTest" tests="2" failures="0" timestamp="22 Dec 2019 01:15:23 GMT" time="56.11" errors="0">
  <testcase name="weightCalculatorMale" time="17.901" classname="com.nationalguard.ddf.testcases.WeightCalculatorTest"/>
  <testcase name="weightCalculatorMale" time="35.714" classname="com.nationalguard.ddf.testcases.WeightCalculatorTest"/>
</testsuite> <!-- WeightCalculatorTest -->
